<?xml version="1.0" encoding="UTF-8"?>
<!-- Generated by org.testng.reporters.JUnitXMLReporter -->
<testsuite ignored="1" hostname="Anagha_Arjun" failures="0" tests="1" name="Default test" time="3.946" errors="0" timestamp="13 Jan 2025 15:31:57 GMT">
  <testcase classname="com.sevenrmartsupermarket.tests.ManageNewsTest" name="screenshot" time="0.186"/>
  <testcase classname="com.sevenrmartsupermarket.tests.ManageNewsTest" name="verifyNewCreation" time="0.0">
    <ignored/>
  </testcase> <!-- verifyNewCreation -->
</testsuite> <!-- Default test -->
