<?xml version="1.0" encoding="UTF-8"?>
<!-- Generated by org.testng.reporters.JUnitXMLReporter -->
<testsuite ignored="1" hostname="Anagha_Arjun" failures="0" tests="2" name="regressionTestExecution" time="8.873" errors="0" timestamp="15 Jan 2025 15:50:32 GMT">
  <testcase classname="com.sevenrmartsupermarket.tests.LoginTest" name="verifyUserLogin" time="0.924"/>
  <testcase classname="com.sevenrmartsupermarket.tests.AdminUsersTest" name="createNewAdminUser" time="2.07"/>
  <testcase classname="com.sevenrmartsupermarket.tests.ManageNewsTest" name="verifyNewCreation" time="0.0">
    <ignored/>
  </testcase> <!-- verifyNewCreation -->
</testsuite> <!-- regressionTestExecution -->
