<?xml version="1.0" encoding="UTF-8"?>
<!-- Generated by org.testng.reporters.JUnitXMLReporter -->
<testsuite ignored="1" hostname="Anagha_Arjun" failures="0" tests="2" name="smokeTestExecution" time="8.981" errors="0" timestamp="15 Jan 2025 15:45:41 GMT">
  <testcase classname="com.sevenrmartsupermarket.tests.LoginTest" name="verifyUserLogin" time="0.919"/>
  <testcase classname="com.sevenrmartsupermarket.tests.ManageNewsTest" name="verifyNewCreation" time="2.337"/>
  <testcase classname="com.sevenrmartsupermarket.tests.AdminUsersTest" name="createNewAdminUser" time="0.0">
    <ignored/>
  </testcase> <!-- createNewAdminUser -->
</testsuite> <!-- smokeTestExecution -->
