<?xml version="1.0" encoding="UTF-8"?>
<!-- Generated by org.testng.reporters.JUnitXMLReporter -->
<testsuite ignored="0" hostname="Anagha_Arjun" failures="0" tests="3" name="smokeTest" time="10.894" errors="0" timestamp="14 Jan 2025 15:54:36 GMT">
  <testcase classname="com.sevenrmartsupermarket.tests.LoginTest" name="verifyUserLogin" time="0.997"/>
  <testcase classname="com.sevenrmartsupermarket.tests.ManageNewsTest" name="screenshot" time="0.002"/>
  <testcase classname="com.sevenrmartsupermarket.tests.ManageNewsTest" name="verifyNewCreation" time="2.593"/>
</testsuite> <!-- smokeTest -->
