<?xml version="1.0" encoding="UTF-8"?>
<testng-results ignored="0" total="1" passed="1" failed="0" skipped="0">
  <reporter-output>
  </reporter-output>
  <suite started-at="2025-01-15T16:04:00Z" name="Default suite" finished-at="2025-01-15T16:04:04Z" duration-ms="3948">
    <groups>
      <group name="regressionTest">
        <method signature="LoginTest.verifyUserLogin()[pri:0, instance:com.sevenrmartsupermarket.tests.LoginTest@6531a794]" name="verifyUserLogin" class="com.sevenrmartsupermarket.tests.LoginTest"/>
      </group> <!-- regressionTest -->
      <group name="smokeTest">
        <method signature="LoginTest.verifyUserLogin()[pri:0, instance:com.sevenrmartsupermarket.tests.LoginTest@6531a794]" name="verifyUserLogin" class="com.sevenrmartsupermarket.tests.LoginTest"/>
      </group> <!-- smokeTest -->
    </groups>
    <test started-at="2025-01-15T16:04:00Z" name="Default test" finished-at="2025-01-15T16:04:04Z" duration-ms="3948">
      <class name="com.sevenrmartsupermarket.tests.LoginTest">
        <test-method is-config="true" signature="launchApplication()[pri:0, instance:com.sevenrmartsupermarket.tests.LoginTest@6531a794]" started-at="2025-01-15T21:34:00Z" name="launchApplication" finished-at="2025-01-15T21:34:03Z" duration-ms="2837" status="PASS">
          <reporter-output>
          </reporter-output>
        </test-method> <!-- launchApplication -->
        <test-method signature="verifyUserLogin()[pri:0, instance:com.sevenrmartsupermarket.tests.LoginTest@6531a794]" started-at="2025-01-15T21:34:03Z" name="verifyUserLogin" finished-at="2025-01-15T21:34:04Z" duration-ms="1092" status="PASS">
          <reporter-output>
          </reporter-output>
        </test-method> <!-- verifyUserLogin -->
        <test-method is-config="true" signature="terminateSession(org.testng.ITestResult)[pri:0, instance:com.sevenrmartsupermarket.tests.LoginTest@6531a794]" started-at="2025-01-15T21:34:04Z" name="terminateSession" finished-at="2025-01-15T21:34:04Z" duration-ms="0" status="PASS">
          <params>
            <param index="0">
              <value>
                <![CDATA[[TestResult name=verifyUserLogin status=SUCCESS method=LoginTest.verifyUserLogin()[pri:0, instance:com.sevenrmartsupermarket.tests.LoginTest@6531a794] output={null}]]]>
              </value>
            </param>
          </params>
          <reporter-output>
          </reporter-output>
        </test-method> <!-- terminateSession -->
      </class> <!-- com.sevenrmartsupermarket.tests.LoginTest -->
    </test> <!-- Default test -->
  </suite> <!-- Default suite -->
</testng-results>
